  main.cpp
D:\AGH\Podstawy_Informatyki\CWA\Gra\Gra\main.cpp(275,21): warning C4244: "=": konwersja z "int" do "T", możliwa utrata danych
D:\AGH\Podstawy_Informatyki\CWA\Gra\Gra\main.cpp(275,21): warning C4244:         with
D:\AGH\Podstawy_Informatyki\CWA\Gra\Gra\main.cpp(275,21): warning C4244:         [
D:\AGH\Podstawy_Informatyki\CWA\Gra\Gra\main.cpp(275,21): warning C4244:             T=float
D:\AGH\Podstawy_Informatyki\CWA\Gra\Gra\main.cpp(275,21): warning C4244:         ]
D:\AGH\Podstawy_Informatyki\CWA\Gra\Gra\main.cpp(291,23): warning C4305: "+=": obcięcie z "double" do "float"
D:\AGH\Podstawy_Informatyki\CWA\Gra\Gra\main.cpp(299,23): warning C4305: "-=": obcięcie z "double" do "float"
D:\AGH\Podstawy_Informatyki\CWA\Gra\Gra\main.cpp(352,59): warning C4244: "argument": konwersja z "int" do "float", możliwa utrata danych
D:\AGH\Podstawy_Informatyki\CWA\Gra\Gra\main.cpp(364,41): warning C4244: "=": konwersja z "T" do "int", możliwa utrata danych
D:\AGH\Podstawy_Informatyki\CWA\Gra\Gra\main.cpp(364,41): warning C4244:         with
D:\AGH\Podstawy_Informatyki\CWA\Gra\Gra\main.cpp(364,41): warning C4244:         [
D:\AGH\Podstawy_Informatyki\CWA\Gra\Gra\main.cpp(364,41): warning C4244:             T=float
D:\AGH\Podstawy_Informatyki\CWA\Gra\Gra\main.cpp(364,41): warning C4244:         ]
D:\AGH\Podstawy_Informatyki\CWA\Gra\Gra\main.cpp(379,59): warning C4244: "argument": konwersja z "int" do "float", możliwa utrata danych
D:\AGH\Podstawy_Informatyki\CWA\Gra\Gra\main.cpp(393,59): warning C4244: "argument": konwersja z "int" do "float", możliwa utrata danych
D:\AGH\Podstawy_Informatyki\CWA\Gra\Gra\main.cpp(421,26): warning C4305: "+=": obcięcie z "double" do "float"
main.obj : error LNK2001: nierozpoznany symbol zewnętrzny "__declspec(dllimport) public: static class sf::RenderStates const sf::RenderStates::Default" (__imp_?Default@RenderStates@sf@@2V12@B)
main.obj : error LNK2001: nierozpoznany symbol zewnętrzny "__declspec(dllimport) public: class sf::Vector2<float> const & __thiscall sf::Transformable::getPosition(void)const " (__imp_?getPosition@Transformable@sf@@QBEABV?$Vector2@M@2@XZ)
main.obj : error LNK2001: nierozpoznany symbol zewnętrzny "__declspec(dllimport) public: void __thiscall sf::Transformable::setOrigin(float,float)" (__imp_?setOrigin@Transformable@sf@@QAEXMM@Z)
main.obj : error LNK2001: nierozpoznany symbol zewnętrzny "__declspec(dllimport) public: void __thiscall sf::Transformable::setPosition(float,float)" (__imp_?setPosition@Transformable@sf@@QAEXMM@Z)
main.obj : error LNK2001: nierozpoznany symbol zewnętrzny "__declspec(dllimport) public: bool __thiscall sf::Texture::loadFromFile(class std::basic_string<char,struct std::char_traits<char>,class std::allocator<char> > const &,class sf::Rect<int> const &)" (__imp_?loadFromFile@Texture@sf@@QAE_NABV?$basic_string@DU?$char_traits@D@std@@V?$allocator@D@2@@std@@ABV?$Rect@H@2@@Z)
main.obj : error LNK2001: nierozpoznany symbol zewnętrzny "__declspec(dllimport) public: __thiscall sf::Texture::~Texture(void)" (__imp_??1Texture@sf@@QAE@XZ)
main.obj : error LNK2001: nierozpoznany symbol zewnętrzny "__declspec(dllimport) public: __thiscall sf::Texture::Texture(void)" (__imp_??0Texture@sf@@QAE@XZ)
main.obj : error LNK2001: nierozpoznany symbol zewnętrzny "__declspec(dllimport) public: bool __thiscall sf::Font::loadFromFile(class std::basic_string<char,struct std::char_traits<char>,class std::allocator<char> > const &)" (__imp_?loadFromFile@Font@sf@@QAE_NABV?$basic_string@DU?$char_traits@D@std@@V?$allocator@D@2@@std@@@Z)
main.obj : error LNK2001: nierozpoznany symbol zewnętrzny "__declspec(dllimport) public: __thiscall sf::Font::~Font(void)" (__imp_??1Font@sf@@QAE@XZ)
main.obj : error LNK2001: nierozpoznany symbol zewnętrzny "__declspec(dllimport) public: __thiscall sf::Font::Font(void)" (__imp_??0Font@sf@@QAE@XZ)
main.obj : error LNK2001: nierozpoznany symbol zewnętrzny "__declspec(dllimport) public: virtual __thiscall sf::RenderWindow::~RenderWindow(void)" (__imp_??1RenderWindow@sf@@UAE@XZ)
main.obj : error LNK2001: nierozpoznany symbol zewnętrzny "__declspec(dllimport) public: __thiscall sf::RenderWindow::RenderWindow(class sf::VideoMode,class sf::String const &,unsigned int,struct sf::ContextSettings const &)" (__imp_??0RenderWindow@sf@@QAE@VVideoMode@1@ABVString@1@IABUContextSettings@1@@Z)
main.obj : error LNK2001: nierozpoznany symbol zewnętrzny "__declspec(dllimport) public: __thiscall sf::Color::Color(unsigned char,unsigned char,unsigned char,unsigned char)" (__imp_??0Color@sf@@QAE@EEEE@Z)
main.obj : error LNK2001: nierozpoznany symbol zewnętrzny "__declspec(dllimport) public: bool __thiscall sf::SoundBuffer::loadFromFile(class std::basic_string<char,struct std::char_traits<char>,class std::allocator<char> > const &)" (__imp_?loadFromFile@SoundBuffer@sf@@QAE_NABV?$basic_string@DU?$char_traits@D@std@@V?$allocator@D@2@@std@@@Z)
main.obj : error LNK2001: nierozpoznany symbol zewnętrzny "__declspec(dllimport) public: __thiscall sf::SoundBuffer::~SoundBuffer(void)" (__imp_??1SoundBuffer@sf@@QAE@XZ)
main.obj : error LNK2001: nierozpoznany symbol zewnętrzny "__declspec(dllimport) public: __thiscall sf::SoundBuffer::SoundBuffer(void)" (__imp_??0SoundBuffer@sf@@QAE@XZ)
main.obj : error LNK2001: nierozpoznany symbol zewnętrzny "__declspec(dllimport) public: static class sf::Color const sf::Color::Red" (__imp_?Red@Color@sf@@2V12@B)
main.obj : error LNK2001: nierozpoznany symbol zewnętrzny "__declspec(dllimport) public: void __thiscall sf::Sound::setBuffer(class sf::SoundBuffer const &)" (__imp_?setBuffer@Sound@sf@@QAEXABVSoundBuffer@2@@Z)
main.obj : error LNK2001: nierozpoznany symbol zewnętrzny "__declspec(dllimport) public: virtual void __thiscall sf::Sound::play(void)" (__imp_?play@Sound@sf@@UAEXXZ)
main.obj : error LNK2001: nierozpoznany symbol zewnętrzny "__declspec(dllimport) public: virtual __thiscall sf::Sound::~Sound(void)" (__imp_??1Sound@sf@@UAE@XZ)
main.obj : error LNK2001: nierozpoznany symbol zewnętrzny "__declspec(dllimport) public: __thiscall sf::Sound::Sound(void)" (__imp_??0Sound@sf@@QAE@XZ)
main.obj : error LNK2001: nierozpoznany symbol zewnętrzny "__declspec(dllimport) public: void __thiscall sf::Window::display(void)" (__imp_?display@Window@sf@@QAEXXZ)
main.obj : error LNK2001: nierozpoznany symbol zewnętrzny "__declspec(dllimport) public: void __thiscall sf::Window::setFramerateLimit(unsigned int)" (__imp_?setFramerateLimit@Window@sf@@QAEXI@Z)
main.obj : error LNK2001: nierozpoznany symbol zewnętrzny "__declspec(dllimport) public: virtual void __thiscall sf::Window::close(void)" (__imp_?close@Window@sf@@UAEXXZ)
main.obj : error LNK2001: nierozpoznany symbol zewnętrzny "__declspec(dllimport) public: bool __thiscall sf::WindowBase::pollEvent(class sf::Event &)" (__imp_?pollEvent@WindowBase@sf@@QAE_NAAVEvent@2@@Z)
main.obj : error LNK2001: nierozpoznany symbol zewnętrzny "__declspec(dllimport) public: bool __thiscall sf::WindowBase::isOpen(void)const " (__imp_?isOpen@WindowBase@sf@@QBE_NXZ)
main.obj : error LNK2001: nierozpoznany symbol zewnętrzny "__declspec(dllimport) public: void __thiscall sf::RenderTarget::draw(class sf::Drawable const &,class sf::RenderStates const &)" (__imp_?draw@RenderTarget@sf@@QAEXABVDrawable@2@ABVRenderStates@2@@Z)
main.obj : error LNK2001: nierozpoznany symbol zewnętrzny "__declspec(dllimport) public: void __thiscall sf::RenderTarget::clear(class sf::Color const &)" (__imp_?clear@RenderTarget@sf@@QAEXABVColor@2@@Z)
main.obj : error LNK2001: nierozpoznany symbol zewnętrzny "__declspec(dllimport) public: static bool __cdecl sf::Keyboard::isKeyPressed(enum sf::Keyboard::Key)" (__imp_?isKeyPressed@Keyboard@sf@@SA_NW4Key@12@@Z)
main.obj : error LNK2001: nierozpoznany symbol zewnętrzny "__declspec(dllimport) public: unsigned int & __thiscall sf::String::operator[](unsigned int)" (__imp_??AString@sf@@QAEAAII@Z)
main.obj : error LNK2001: nierozpoznany symbol zewnętrzny "__declspec(dllimport) public: __thiscall sf::String::String(void)" (__imp_??0String@sf@@QAE@XZ)
main.obj : error LNK2001: nierozpoznany symbol zewnętrzny "__declspec(dllimport) public: __thiscall sf::String::String(char const *,class std::locale const &)" (__imp_??0String@sf@@QAE@PBDABVlocale@std@@@Z)
main.obj : error LNK2001: nierozpoznany symbol zewnętrzny "__declspec(dllimport) public: __thiscall sf::String::String(class std::basic_string<char,struct std::char_traits<char>,class std::allocator<char> > const &,class std::locale const &)" (__imp_??0String@sf@@QAE@ABV?$basic_string@DU?$char_traits@D@std@@V?$allocator@D@2@@std@@ABVlocale@3@@Z)
main.obj : error LNK2001: nierozpoznany symbol zewnętrzny "__declspec(dllimport) public: __thiscall sf::VideoMode::VideoMode(unsigned int,unsigned int,unsigned int)" (__imp_??0VideoMode@sf@@QAE@III@Z)
main.obj : error LNK2001: nierozpoznany symbol zewnętrzny "__declspec(dllimport) private: virtual void __thiscall sf::Sprite::draw(class sf::RenderTarget &,class sf::RenderStates)const " (__imp_?draw@Sprite@sf@@EBEXAAVRenderTarget@2@VRenderStates@2@@Z)
main.obj : error LNK2001: nierozpoznany symbol zewnętrzny "__declspec(dllimport) public: class sf::Rect<float> __thiscall sf::Sprite::getGlobalBounds(void)const " (__imp_?getGlobalBounds@Sprite@sf@@QBE?AV?$Rect@M@2@XZ)
main.obj : error LNK2001: nierozpoznany symbol zewnętrzny "__declspec(dllimport) public: void __thiscall sf::Sprite::setTextureRect(class sf::Rect<int> const &)" (__imp_?setTextureRect@Sprite@sf@@QAEXABV?$Rect@H@2@@Z)
main.obj : error LNK2001: nierozpoznany symbol zewnętrzny "__declspec(dllimport) public: __thiscall sf::Sprite::Sprite(class sf::Texture const &)" (__imp_??0Sprite@sf@@QAE@ABVTexture@1@@Z)
main.obj : error LNK2001: nierozpoznany symbol zewnętrzny "__declspec(dllimport) public: bool __thiscall sf::Music::openFromFile(class std::basic_string<char,struct std::char_traits<char>,class std::allocator<char> > const &)" (__imp_?openFromFile@Music@sf@@QAE_NABV?$basic_string@DU?$char_traits@D@std@@V?$allocator@D@2@@std@@@Z)
main.obj : error LNK2001: nierozpoznany symbol zewnętrzny "__declspec(dllimport) public: virtual __thiscall sf::Music::~Music(void)" (__imp_??1Music@sf@@UAE@XZ)
main.obj : error LNK2001: nierozpoznany symbol zewnętrzny "__declspec(dllimport) public: __thiscall sf::Music::Music(void)" (__imp_??0Music@sf@@QAE@XZ)
main.obj : error LNK2001: nierozpoznany symbol zewnętrzny "__declspec(dllimport) public: void __thiscall sf::Text::setFillColor(class sf::Color const &)" (__imp_?setFillColor@Text@sf@@QAEXABVColor@2@@Z)
main.obj : error LNK2001: nierozpoznany symbol zewnętrzny "__declspec(dllimport) public: void __thiscall sf::Text::setCharacterSize(unsigned int)" (__imp_?setCharacterSize@Text@sf@@QAEXI@Z)
main.obj : error LNK2001: nierozpoznany symbol zewnętrzny "__declspec(dllimport) public: void __thiscall sf::Text::setFont(class sf::Font const &)" (__imp_?setFont@Text@sf@@QAEXABVFont@2@@Z)
main.obj : error LNK2001: nierozpoznany symbol zewnętrzny "__declspec(dllimport) public: void __thiscall sf::Text::setString(class sf::String const &)" (__imp_?setString@Text@sf@@QAEXABVString@2@@Z)
main.obj : error LNK2001: nierozpoznany symbol zewnętrzny "__declspec(dllimport) public: __thiscall sf::Text::Text(void)" (__imp_??0Text@sf@@QAE@XZ)
main.obj : error LNK2001: nierozpoznany symbol zewnętrzny "__declspec(dllimport) public: void __thiscall sf::SoundStream::setLoop(bool)" (__imp_?setLoop@SoundStream@sf@@QAEX_N@Z)
main.obj : error LNK2001: nierozpoznany symbol zewnętrzny "__declspec(dllimport) public: virtual void __thiscall sf::SoundStream::pause(void)" (__imp_?pause@SoundStream@sf@@UAEXXZ)
main.obj : error LNK2001: nierozpoznany symbol zewnętrzny "__declspec(dllimport) public: virtual void __thiscall sf::SoundStream::play(void)" (__imp_?play@SoundStream@sf@@UAEXXZ)
main.obj : error LNK2001: nierozpoznany symbol zewnętrzny "__declspec(dllimport) public: __thiscall sf::Sprite::Sprite(class sf::Sprite &&)" (__imp_??0Sprite@sf@@QAE@$$QAV01@@Z)
main.obj : error LNK2001: nierozpoznany symbol zewnętrzny "__declspec(dllimport) public: __thiscall sf::Sprite::Sprite(class sf::Sprite const &)" (__imp_??0Sprite@sf@@QAE@ABV01@@Z)
main.obj : error LNK2001: nierozpoznany symbol zewnętrzny "__declspec(dllimport) public: virtual __thiscall sf::Sprite::~Sprite(void)" (__imp_??1Sprite@sf@@UAE@XZ)
main.obj : error LNK2001: nierozpoznany symbol zewnętrzny "__declspec(dllimport) public: virtual __thiscall sf::Text::~Text(void)" (__imp_??1Text@sf@@UAE@XZ)
main.obj : error LNK2001: nierozpoznany symbol zewnętrzny "__declspec(dllimport) public: __thiscall sf::String::~String(void)" (__imp_??1String@sf@@QAE@XZ)
D:\AGH\Podstawy_Informatyki\CWA\Gra\Release\Gra.exe : fatal error LNK1120: liczba nierozpoznanych elementów zewnętrznych: 54
